<html>
<body>
<pre>
<h1>µVision Build Log</h1>
<h2>Project:</h2>
E:\v25ce3g2\hemanth\ARM\7_segment\time\time.uvproj
Project File Date:  12/01/2025

<h2>Output:</h2>
Build target 'Target 1'
assembling Startup.s...
compiling time.c...
time.c(80): error:  #29: expected an expression
time.c:         IODIR0 = seg_d | seg_1 | seg_2 | seg_3 | seg_4;
time.c:                        ^
time.c(124): warning:  #1-D: last line of file ends without a newline
time.c:   }
time.c:    ^
time.c: time.c: 1 warning, 1 error
Target not created
Build target 'Target 1'
compiling time.c...
time.c(80): error:  #29: expected an expression
time.c:         IODIR0 = seg_d|seg_1|seg_2|seg_3|seg_4;
time.c:                       ^
time.c(124): warning:  #1-D: last line of file ends without a newline
time.c:   }
time.c:    ^
time.c: time.c: 1 warning, 1 error
Target not created
Build target 'Target 1'
compiling time.c...
time.c(80): error:  #29: expected an expression
time.c:         IODIR0 = seg_d|seg_1|seg_2|seg_3|seg_4;
time.c:                       ^
time.c(124): warning:  #1-D: last line of file ends without a newline
time.c:   }
time.c:    ^
time.c: time.c: 1 warning, 1 error
Target not created
Build target 'Target 1'
compiling time.c...
time.c(80): error:  #29: expected an expression
time.c:         IODIR0=seg_d|seg_1|seg_2|seg_3|seg_4;
time.c:                     ^
time.c(124): warning:  #1-D: last line of file ends without a newline
time.c:   }
time.c:    ^
time.c: time.c: 1 warning, 1 error
Target not created
Build target 'Target 1'
compiling time.c...
time.c(124): warning:  #1-D: last line of file ends without a newline
time.c:   }
time.c:    ^
time.c: time.c: 1 warning, 0 errors
linking...
Program Size: Code=1708 RO-data=32 RW-data=12 ZI-data=1260  
FromELF: creating hex file...
"time.axf" - 0 Error(s), 1 Warning(s).
Build target 'Target 1'
compiling time.c...
time.c(78): error:  #20: identifier "iODIR0" is undefined
time.c:         iODIR0 = seg_d;
time.c:         ^
time.c(125): warning:  #1-D: last line of file ends without a newline
time.c:   }
time.c:    ^
time.c: time.c: 1 warning, 1 error
Target not created
Build target 'Target 1'
compiling time.c...
time.c(125): warning:  #1-D: last line of file ends without a newline
time.c:   }
time.c:    ^
time.c: time.c: 1 warning, 0 errors
linking...
Program Size: Code=1716 RO-data=32 RW-data=12 ZI-data=1260  
FromELF: creating hex file...
"time.axf" - 0 Error(s), 1 Warning(s).
Build target 'Target 1'
compiling time.c...
time.c(125): warning:  #1-D: last line of file ends without a newline
time.c:   }
time.c:    ^
time.c: time.c: 1 warning, 0 errors
linking...
Program Size: Code=1716 RO-data=32 RW-data=12 ZI-data=1260  
FromELF: creating hex file...
"time.axf" - 0 Error(s), 1 Warning(s).
Build target 'Target 1'
compiling time.c...
time.c(81): error:  #29: expected an expression
time.c:         IODIR0 = seg_d|seg_1|seg_2|seg_3|seg_4;
time.c:                       ^
time.c(125): warning:  #1-D: last line of file ends without a newline
time.c:   }
time.c:    ^
time.c: time.c: 1 warning, 1 error
Target not created
Build target 'Target 1'
compiling time.c...
time.c(125): warning:  #1-D: last line of file ends without a newline
time.c:   }
time.c:    ^
time.c: time.c: 1 warning, 0 errors
linking...
Program Size: Code=1712 RO-data=32 RW-data=12 ZI-data=1260  
FromELF: creating hex file...
"time.axf" - 0 Error(s), 1 Warning(s).
Build target 'Target 1'
linking...
Program Size: Code=1712 RO-data=32 RW-data=12 ZI-data=1260  
FromELF: creating hex file...
"time.axf" - 0 Error(s), 0 Warning(s).
Build target 'Target 1'
compiling time.c...
time.c(89): warning:  #223-D: function "two_digit" declared implicitly
time.c:                 two_digit(sec++);
time.c:                 ^
time.c(93): error:  #268: declaration may not appear after executable statement in block
time.c:                         void two2_digit(min++);
time.c:                         ^
time.c(93): error:  #757: variable "min" is not a type name
time.c:                         void two2_digit(min++);
time.c:                                         ^
time.c(93): error:  #18: expected a ")"
time.c:                         void two2_digit(min++);
time.c:                                            ^
time.c(102): error:  #159: declaration is incompatible with previous "two_digit" (declared at line 89)
time.c:   void two_digit(int n)
time.c:        ^
time.c(140): warning:  #1-D: last line of file ends without a newline
time.c:   }
time.c:    ^
time.c: time.c: 2 warnings, 4 errors
Target not created
Build target 'Target 1'
compiling time.c...
time.c(89): warning:  #223-D: function "two_digit" declared implicitly
time.c:                 two_digit(sec++);
time.c:                 ^
time.c(102): error:  #159: declaration is incompatible with previous "two_digit" (declared at line 89)
time.c:   void two_digit(int n)
time.c:        ^
time.c(140): warning:  #1-D: last line of file ends without a newline
time.c:   }
time.c:    ^
time.c: time.c: 2 warnings, 1 error
Target not created
Build target 'Target 1'
compiling time.c...
time.c(140): warning:  #1-D: last line of file ends without a newline
time.c:   }
time.c:    ^
time.c: time.c: 1 warning, 0 errors
linking...
Program Size: Code=1792 RO-data=32 RW-data=12 ZI-data=1260  
FromELF: creating hex file...
"time.axf" - 0 Error(s), 1 Warning(s).
Build target 'Target 1'
compiling time.c...
time.c(140): warning:  #1-D: last line of file ends without a newline
time.c:   }
time.c:    ^
time.c: time.c: 1 warning, 0 errors
linking...
Program Size: Code=1792 RO-data=32 RW-data=12 ZI-data=1260  
FromELF: creating hex file...
"time.axf" - 0 Error(s), 1 Warning(s).
